[2026-03-30 23:14:23,263][sentence_transformers.SentenceTransformer][INFO] - Load pretrained SentenceTransformer: mixedbread-ai/mxbai-embed-large-v1
[2026-03-30 23:14:23,559][httpx][INFO] - HTTP Request: HEAD https://huggingface.co/mixedbread-ai/mxbai-embed-large-v1/resolve/main/modules.json "HTTP/1.1 307 Temporary Redirect"
[2026-03-30 23:14:23,566][httpx][INFO] - HTTP Request: HEAD https://huggingface.co/api/resolve-cache/models/mixedbread-ai/mxbai-embed-large-v1/b33106f585b9ce46904ad7443a3b52b7a63e231c/modules.json "HTTP/1.1 200 OK"
[2026-03-30 23:14:23,766][httpx][INFO] - HTTP Request: HEAD https://huggingface.co/mixedbread-ai/mxbai-embed-large-v1/resolve/main/config_sentence_transformers.json "HTTP/1.1 307 Temporary Redirect"
[2026-03-30 23:14:23,776][httpx][INFO] - HTTP Request: HEAD https://huggingface.co/api/resolve-cache/models/mixedbread-ai/mxbai-embed-large-v1/b33106f585b9ce46904ad7443a3b52b7a63e231c/config_sentence_transformers.json "HTTP/1.1 200 OK"
[2026-03-30 23:14:23,982][httpx][INFO] - HTTP Request: HEAD https://huggingface.co/mixedbread-ai/mxbai-embed-large-v1/resolve/main/config_sentence_transformers.json "HTTP/1.1 307 Temporary Redirect"
[2026-03-30 23:14:23,989][httpx][INFO] - HTTP Request: HEAD https://huggingface.co/api/resolve-cache/models/mixedbread-ai/mxbai-embed-large-v1/b33106f585b9ce46904ad7443a3b52b7a63e231c/config_sentence_transformers.json "HTTP/1.1 200 OK"
[2026-03-30 23:14:24,230][httpx][INFO] - HTTP Request: HEAD https://huggingface.co/mixedbread-ai/mxbai-embed-large-v1/resolve/main/README.md "HTTP/1.1 307 Temporary Redirect"
[2026-03-30 23:14:24,236][httpx][INFO] - HTTP Request: HEAD https://huggingface.co/api/resolve-cache/models/mixedbread-ai/mxbai-embed-large-v1/b33106f585b9ce46904ad7443a3b52b7a63e231c/README.md "HTTP/1.1 200 OK"
[2026-03-30 23:14:24,449][httpx][INFO] - HTTP Request: HEAD https://huggingface.co/mixedbread-ai/mxbai-embed-large-v1/resolve/main/modules.json "HTTP/1.1 307 Temporary Redirect"
[2026-03-30 23:14:24,456][httpx][INFO] - HTTP Request: HEAD https://huggingface.co/api/resolve-cache/models/mixedbread-ai/mxbai-embed-large-v1/b33106f585b9ce46904ad7443a3b52b7a63e231c/modules.json "HTTP/1.1 200 OK"
[2026-03-30 23:14:24,657][httpx][INFO] - HTTP Request: HEAD https://huggingface.co/mixedbread-ai/mxbai-embed-large-v1/resolve/main/sentence_bert_config.json "HTTP/1.1 307 Temporary Redirect"
[2026-03-30 23:14:24,664][httpx][INFO] - HTTP Request: HEAD https://huggingface.co/api/resolve-cache/models/mixedbread-ai/mxbai-embed-large-v1/b33106f585b9ce46904ad7443a3b52b7a63e231c/sentence_bert_config.json "HTTP/1.1 200 OK"
[2026-03-30 23:14:24,874][httpx][INFO] - HTTP Request: HEAD https://huggingface.co/mixedbread-ai/mxbai-embed-large-v1/resolve/main/adapter_config.json "HTTP/1.1 404 Not Found"
[2026-03-30 23:14:25,081][httpx][INFO] - HTTP Request: HEAD https://huggingface.co/mixedbread-ai/mxbai-embed-large-v1/resolve/main/config.json "HTTP/1.1 307 Temporary Redirect"
[2026-03-30 23:14:25,088][httpx][INFO] - HTTP Request: HEAD https://huggingface.co/api/resolve-cache/models/mixedbread-ai/mxbai-embed-large-v1/b33106f585b9ce46904ad7443a3b52b7a63e231c/config.json "HTTP/1.1 200 OK"
[2026-03-30 23:14:25,619][httpx][INFO] - HTTP Request: HEAD https://huggingface.co/mixedbread-ai/mxbai-embed-large-v1/resolve/main/config.json "HTTP/1.1 307 Temporary Redirect"
[2026-03-30 23:14:25,626][httpx][INFO] - HTTP Request: HEAD https://huggingface.co/api/resolve-cache/models/mixedbread-ai/mxbai-embed-large-v1/b33106f585b9ce46904ad7443a3b52b7a63e231c/config.json "HTTP/1.1 200 OK"
[2026-03-30 23:14:25,832][httpx][INFO] - HTTP Request: HEAD https://huggingface.co/mixedbread-ai/mxbai-embed-large-v1/resolve/main/tokenizer_config.json "HTTP/1.1 307 Temporary Redirect"
[2026-03-30 23:14:25,839][httpx][INFO] - HTTP Request: HEAD https://huggingface.co/api/resolve-cache/models/mixedbread-ai/mxbai-embed-large-v1/b33106f585b9ce46904ad7443a3b52b7a63e231c/tokenizer_config.json "HTTP/1.1 200 OK"
[2026-03-30 23:14:26,056][httpx][INFO] - HTTP Request: GET https://huggingface.co/api/models/mixedbread-ai/mxbai-embed-large-v1/tree/main/additional_chat_templates?recursive=false&expand=false "HTTP/1.1 404 Not Found"
[2026-03-30 23:14:26,261][httpx][INFO] - HTTP Request: GET https://huggingface.co/api/models/mixedbread-ai/mxbai-embed-large-v1/tree/main?recursive=true&expand=false "HTTP/1.1 200 OK"
[2026-03-30 23:14:26,498][httpx][INFO] - HTTP Request: HEAD https://huggingface.co/mixedbread-ai/mxbai-embed-large-v1/resolve/main/1_Pooling/config.json "HTTP/1.1 307 Temporary Redirect"
[2026-03-30 23:14:26,505][httpx][INFO] - HTTP Request: HEAD https://huggingface.co/api/resolve-cache/models/mixedbread-ai/mxbai-embed-large-v1/b33106f585b9ce46904ad7443a3b52b7a63e231c/1_Pooling%2Fconfig.json "HTTP/1.1 200 OK"
[2026-03-30 23:14:26,712][httpx][INFO] - HTTP Request: GET https://huggingface.co/api/models/mixedbread-ai/mxbai-embed-large-v1 "HTTP/1.1 200 OK"
[2026-03-30 23:14:27,795][sentence_transformers.SentenceTransformer][INFO] - 1 prompt is loaded, with the key: query
[2026-03-30 23:20:25,848][sentence_transformers.SentenceTransformer][INFO] - Load pretrained SentenceTransformer: mixedbread-ai/mxbai-embed-large-v1
[2026-03-30 23:20:26,096][httpx][INFO] - HTTP Request: HEAD https://huggingface.co/mixedbread-ai/mxbai-embed-large-v1/resolve/main/modules.json "HTTP/1.1 307 Temporary Redirect"
[2026-03-30 23:20:26,102][httpx][INFO] - HTTP Request: HEAD https://huggingface.co/api/resolve-cache/models/mixedbread-ai/mxbai-embed-large-v1/b33106f585b9ce46904ad7443a3b52b7a63e231c/modules.json "HTTP/1.1 200 OK"
[2026-03-30 23:20:26,308][httpx][INFO] - HTTP Request: HEAD https://huggingface.co/mixedbread-ai/mxbai-embed-large-v1/resolve/main/config_sentence_transformers.json "HTTP/1.1 307 Temporary Redirect"
[2026-03-30 23:20:26,314][httpx][INFO] - HTTP Request: HEAD https://huggingface.co/api/resolve-cache/models/mixedbread-ai/mxbai-embed-large-v1/b33106f585b9ce46904ad7443a3b52b7a63e231c/config_sentence_transformers.json "HTTP/1.1 200 OK"
[2026-03-30 23:20:26,520][httpx][INFO] - HTTP Request: HEAD https://huggingface.co/mixedbread-ai/mxbai-embed-large-v1/resolve/main/config_sentence_transformers.json "HTTP/1.1 307 Temporary Redirect"
[2026-03-30 23:20:26,526][httpx][INFO] - HTTP Request: HEAD https://huggingface.co/api/resolve-cache/models/mixedbread-ai/mxbai-embed-large-v1/b33106f585b9ce46904ad7443a3b52b7a63e231c/config_sentence_transformers.json "HTTP/1.1 200 OK"
[2026-03-30 23:20:26,728][httpx][INFO] - HTTP Request: HEAD https://huggingface.co/mixedbread-ai/mxbai-embed-large-v1/resolve/main/README.md "HTTP/1.1 307 Temporary Redirect"
[2026-03-30 23:20:26,734][httpx][INFO] - HTTP Request: HEAD https://huggingface.co/api/resolve-cache/models/mixedbread-ai/mxbai-embed-large-v1/b33106f585b9ce46904ad7443a3b52b7a63e231c/README.md "HTTP/1.1 200 OK"
[2026-03-30 23:20:26,942][httpx][INFO] - HTTP Request: HEAD https://huggingface.co/mixedbread-ai/mxbai-embed-large-v1/resolve/main/modules.json "HTTP/1.1 307 Temporary Redirect"
[2026-03-30 23:20:26,949][httpx][INFO] - HTTP Request: HEAD https://huggingface.co/api/resolve-cache/models/mixedbread-ai/mxbai-embed-large-v1/b33106f585b9ce46904ad7443a3b52b7a63e231c/modules.json "HTTP/1.1 200 OK"
[2026-03-30 23:20:27,178][httpx][INFO] - HTTP Request: HEAD https://huggingface.co/mixedbread-ai/mxbai-embed-large-v1/resolve/main/sentence_bert_config.json "HTTP/1.1 307 Temporary Redirect"
[2026-03-30 23:20:27,183][httpx][INFO] - HTTP Request: HEAD https://huggingface.co/api/resolve-cache/models/mixedbread-ai/mxbai-embed-large-v1/b33106f585b9ce46904ad7443a3b52b7a63e231c/sentence_bert_config.json "HTTP/1.1 200 OK"
[2026-03-30 23:20:27,443][httpx][INFO] - HTTP Request: HEAD https://huggingface.co/mixedbread-ai/mxbai-embed-large-v1/resolve/main/adapter_config.json "HTTP/1.1 404 Not Found"
[2026-03-30 23:20:27,648][httpx][INFO] - HTTP Request: HEAD https://huggingface.co/mixedbread-ai/mxbai-embed-large-v1/resolve/main/config.json "HTTP/1.1 307 Temporary Redirect"
[2026-03-30 23:20:27,656][httpx][INFO] - HTTP Request: HEAD https://huggingface.co/api/resolve-cache/models/mixedbread-ai/mxbai-embed-large-v1/b33106f585b9ce46904ad7443a3b52b7a63e231c/config.json "HTTP/1.1 200 OK"
[2026-03-30 23:20:28,087][httpx][INFO] - HTTP Request: HEAD https://huggingface.co/mixedbread-ai/mxbai-embed-large-v1/resolve/main/config.json "HTTP/1.1 307 Temporary Redirect"
[2026-03-30 23:20:28,094][httpx][INFO] - HTTP Request: HEAD https://huggingface.co/api/resolve-cache/models/mixedbread-ai/mxbai-embed-large-v1/b33106f585b9ce46904ad7443a3b52b7a63e231c/config.json "HTTP/1.1 200 OK"
[2026-03-30 23:20:28,301][httpx][INFO] - HTTP Request: HEAD https://huggingface.co/mixedbread-ai/mxbai-embed-large-v1/resolve/main/tokenizer_config.json "HTTP/1.1 307 Temporary Redirect"
[2026-03-30 23:20:28,307][httpx][INFO] - HTTP Request: HEAD https://huggingface.co/api/resolve-cache/models/mixedbread-ai/mxbai-embed-large-v1/b33106f585b9ce46904ad7443a3b52b7a63e231c/tokenizer_config.json "HTTP/1.1 200 OK"
[2026-03-30 23:20:28,515][httpx][INFO] - HTTP Request: GET https://huggingface.co/api/models/mixedbread-ai/mxbai-embed-large-v1/tree/main/additional_chat_templates?recursive=false&expand=false "HTTP/1.1 404 Not Found"
[2026-03-30 23:20:28,723][httpx][INFO] - HTTP Request: GET https://huggingface.co/api/models/mixedbread-ai/mxbai-embed-large-v1/tree/main?recursive=true&expand=false "HTTP/1.1 200 OK"
[2026-03-30 23:20:28,950][httpx][INFO] - HTTP Request: HEAD https://huggingface.co/mixedbread-ai/mxbai-embed-large-v1/resolve/main/1_Pooling/config.json "HTTP/1.1 307 Temporary Redirect"
[2026-03-30 23:20:28,956][httpx][INFO] - HTTP Request: HEAD https://huggingface.co/api/resolve-cache/models/mixedbread-ai/mxbai-embed-large-v1/b33106f585b9ce46904ad7443a3b52b7a63e231c/1_Pooling%2Fconfig.json "HTTP/1.1 200 OK"
[2026-03-30 23:20:29,170][httpx][INFO] - HTTP Request: GET https://huggingface.co/api/models/mixedbread-ai/mxbai-embed-large-v1 "HTTP/1.1 200 OK"
[2026-03-30 23:20:29,754][sentence_transformers.SentenceTransformer][INFO] - 1 prompt is loaded, with the key: query
[2026-03-30 23:40:54,153][sentence_transformers.SentenceTransformer][INFO] - Load pretrained SentenceTransformer: mixedbread-ai/mxbai-embed-large-v1
[2026-03-30 23:40:54,425][httpx][INFO] - HTTP Request: HEAD https://huggingface.co/mixedbread-ai/mxbai-embed-large-v1/resolve/main/modules.json "HTTP/1.1 307 Temporary Redirect"
[2026-03-30 23:40:54,431][httpx][INFO] - HTTP Request: HEAD https://huggingface.co/api/resolve-cache/models/mixedbread-ai/mxbai-embed-large-v1/b33106f585b9ce46904ad7443a3b52b7a63e231c/modules.json "HTTP/1.1 200 OK"
[2026-03-30 23:40:54,625][httpx][INFO] - HTTP Request: HEAD https://huggingface.co/mixedbread-ai/mxbai-embed-large-v1/resolve/main/config_sentence_transformers.json "HTTP/1.1 307 Temporary Redirect"
[2026-03-30 23:40:54,632][httpx][INFO] - HTTP Request: HEAD https://huggingface.co/api/resolve-cache/models/mixedbread-ai/mxbai-embed-large-v1/b33106f585b9ce46904ad7443a3b52b7a63e231c/config_sentence_transformers.json "HTTP/1.1 200 OK"
[2026-03-30 23:40:54,832][httpx][INFO] - HTTP Request: HEAD https://huggingface.co/mixedbread-ai/mxbai-embed-large-v1/resolve/main/config_sentence_transformers.json "HTTP/1.1 307 Temporary Redirect"
[2026-03-30 23:40:54,839][httpx][INFO] - HTTP Request: HEAD https://huggingface.co/api/resolve-cache/models/mixedbread-ai/mxbai-embed-large-v1/b33106f585b9ce46904ad7443a3b52b7a63e231c/config_sentence_transformers.json "HTTP/1.1 200 OK"
[2026-03-30 23:40:55,047][httpx][INFO] - HTTP Request: HEAD https://huggingface.co/mixedbread-ai/mxbai-embed-large-v1/resolve/main/README.md "HTTP/1.1 307 Temporary Redirect"
[2026-03-30 23:40:55,053][httpx][INFO] - HTTP Request: HEAD https://huggingface.co/api/resolve-cache/models/mixedbread-ai/mxbai-embed-large-v1/b33106f585b9ce46904ad7443a3b52b7a63e231c/README.md "HTTP/1.1 200 OK"
[2026-03-30 23:40:55,270][httpx][INFO] - HTTP Request: HEAD https://huggingface.co/mixedbread-ai/mxbai-embed-large-v1/resolve/main/modules.json "HTTP/1.1 307 Temporary Redirect"
[2026-03-30 23:40:55,276][httpx][INFO] - HTTP Request: HEAD https://huggingface.co/api/resolve-cache/models/mixedbread-ai/mxbai-embed-large-v1/b33106f585b9ce46904ad7443a3b52b7a63e231c/modules.json "HTTP/1.1 200 OK"
[2026-03-30 23:40:55,482][httpx][INFO] - HTTP Request: HEAD https://huggingface.co/mixedbread-ai/mxbai-embed-large-v1/resolve/main/sentence_bert_config.json "HTTP/1.1 307 Temporary Redirect"
[2026-03-30 23:40:55,488][httpx][INFO] - HTTP Request: HEAD https://huggingface.co/api/resolve-cache/models/mixedbread-ai/mxbai-embed-large-v1/b33106f585b9ce46904ad7443a3b52b7a63e231c/sentence_bert_config.json "HTTP/1.1 200 OK"
[2026-03-30 23:40:55,706][httpx][INFO] - HTTP Request: HEAD https://huggingface.co/mixedbread-ai/mxbai-embed-large-v1/resolve/main/adapter_config.json "HTTP/1.1 404 Not Found"
[2026-03-30 23:40:55,915][httpx][INFO] - HTTP Request: HEAD https://huggingface.co/mixedbread-ai/mxbai-embed-large-v1/resolve/main/config.json "HTTP/1.1 307 Temporary Redirect"
[2026-03-30 23:40:55,921][httpx][INFO] - HTTP Request: HEAD https://huggingface.co/api/resolve-cache/models/mixedbread-ai/mxbai-embed-large-v1/b33106f585b9ce46904ad7443a3b52b7a63e231c/config.json "HTTP/1.1 200 OK"
[2026-03-30 23:40:56,604][httpx][INFO] - HTTP Request: HEAD https://huggingface.co/mixedbread-ai/mxbai-embed-large-v1/resolve/main/config.json "HTTP/1.1 307 Temporary Redirect"
[2026-03-30 23:40:56,610][httpx][INFO] - HTTP Request: HEAD https://huggingface.co/api/resolve-cache/models/mixedbread-ai/mxbai-embed-large-v1/b33106f585b9ce46904ad7443a3b52b7a63e231c/config.json "HTTP/1.1 200 OK"
[2026-03-30 23:40:56,817][httpx][INFO] - HTTP Request: HEAD https://huggingface.co/mixedbread-ai/mxbai-embed-large-v1/resolve/main/tokenizer_config.json "HTTP/1.1 307 Temporary Redirect"
[2026-03-30 23:40:56,824][httpx][INFO] - HTTP Request: HEAD https://huggingface.co/api/resolve-cache/models/mixedbread-ai/mxbai-embed-large-v1/b33106f585b9ce46904ad7443a3b52b7a63e231c/tokenizer_config.json "HTTP/1.1 200 OK"
[2026-03-30 23:40:57,041][httpx][INFO] - HTTP Request: GET https://huggingface.co/api/models/mixedbread-ai/mxbai-embed-large-v1/tree/main/additional_chat_templates?recursive=false&expand=false "HTTP/1.1 404 Not Found"
[2026-03-30 23:40:57,258][httpx][INFO] - HTTP Request: GET https://huggingface.co/api/models/mixedbread-ai/mxbai-embed-large-v1/tree/main?recursive=true&expand=false "HTTP/1.1 200 OK"
[2026-03-30 23:40:57,501][httpx][INFO] - HTTP Request: HEAD https://huggingface.co/mixedbread-ai/mxbai-embed-large-v1/resolve/main/1_Pooling/config.json "HTTP/1.1 307 Temporary Redirect"
[2026-03-30 23:40:57,507][httpx][INFO] - HTTP Request: HEAD https://huggingface.co/api/resolve-cache/models/mixedbread-ai/mxbai-embed-large-v1/b33106f585b9ce46904ad7443a3b52b7a63e231c/1_Pooling%2Fconfig.json "HTTP/1.1 200 OK"
[2026-03-30 23:40:57,716][httpx][INFO] - HTTP Request: GET https://huggingface.co/api/models/mixedbread-ai/mxbai-embed-large-v1 "HTTP/1.1 200 OK"
[2026-03-30 23:40:58,637][sentence_transformers.SentenceTransformer][INFO] - 1 prompt is loaded, with the key: query
[2026-03-30 23:44:40,192][sentence_transformers.SentenceTransformer][INFO] - Load pretrained SentenceTransformer: mixedbread-ai/mxbai-embed-large-v1
[2026-03-30 23:44:40,457][httpx][INFO] - HTTP Request: HEAD https://huggingface.co/mixedbread-ai/mxbai-embed-large-v1/resolve/main/modules.json "HTTP/1.1 307 Temporary Redirect"
[2026-03-30 23:44:40,463][httpx][INFO] - HTTP Request: HEAD https://huggingface.co/api/resolve-cache/models/mixedbread-ai/mxbai-embed-large-v1/b33106f585b9ce46904ad7443a3b52b7a63e231c/modules.json "HTTP/1.1 200 OK"
[2026-03-30 23:44:40,684][httpx][INFO] - HTTP Request: HEAD https://huggingface.co/mixedbread-ai/mxbai-embed-large-v1/resolve/main/config_sentence_transformers.json "HTTP/1.1 307 Temporary Redirect"
[2026-03-30 23:44:40,690][httpx][INFO] - HTTP Request: HEAD https://huggingface.co/api/resolve-cache/models/mixedbread-ai/mxbai-embed-large-v1/b33106f585b9ce46904ad7443a3b52b7a63e231c/config_sentence_transformers.json "HTTP/1.1 200 OK"
[2026-03-30 23:44:40,896][httpx][INFO] - HTTP Request: HEAD https://huggingface.co/mixedbread-ai/mxbai-embed-large-v1/resolve/main/config_sentence_transformers.json "HTTP/1.1 307 Temporary Redirect"
[2026-03-30 23:44:40,902][httpx][INFO] - HTTP Request: HEAD https://huggingface.co/api/resolve-cache/models/mixedbread-ai/mxbai-embed-large-v1/b33106f585b9ce46904ad7443a3b52b7a63e231c/config_sentence_transformers.json "HTTP/1.1 200 OK"
[2026-03-30 23:44:41,110][httpx][INFO] - HTTP Request: HEAD https://huggingface.co/mixedbread-ai/mxbai-embed-large-v1/resolve/main/README.md "HTTP/1.1 307 Temporary Redirect"
[2026-03-30 23:44:41,116][httpx][INFO] - HTTP Request: HEAD https://huggingface.co/api/resolve-cache/models/mixedbread-ai/mxbai-embed-large-v1/b33106f585b9ce46904ad7443a3b52b7a63e231c/README.md "HTTP/1.1 200 OK"
[2026-03-30 23:44:41,316][httpx][INFO] - HTTP Request: HEAD https://huggingface.co/mixedbread-ai/mxbai-embed-large-v1/resolve/main/modules.json "HTTP/1.1 307 Temporary Redirect"
[2026-03-30 23:44:41,323][httpx][INFO] - HTTP Request: HEAD https://huggingface.co/api/resolve-cache/models/mixedbread-ai/mxbai-embed-large-v1/b33106f585b9ce46904ad7443a3b52b7a63e231c/modules.json "HTTP/1.1 200 OK"
[2026-03-30 23:44:41,524][httpx][INFO] - HTTP Request: HEAD https://huggingface.co/mixedbread-ai/mxbai-embed-large-v1/resolve/main/sentence_bert_config.json "HTTP/1.1 307 Temporary Redirect"
[2026-03-30 23:44:41,530][httpx][INFO] - HTTP Request: HEAD https://huggingface.co/api/resolve-cache/models/mixedbread-ai/mxbai-embed-large-v1/b33106f585b9ce46904ad7443a3b52b7a63e231c/sentence_bert_config.json "HTTP/1.1 200 OK"
[2026-03-30 23:44:41,732][httpx][INFO] - HTTP Request: HEAD https://huggingface.co/mixedbread-ai/mxbai-embed-large-v1/resolve/main/adapter_config.json "HTTP/1.1 404 Not Found"
[2026-03-30 23:44:41,931][httpx][INFO] - HTTP Request: HEAD https://huggingface.co/mixedbread-ai/mxbai-embed-large-v1/resolve/main/config.json "HTTP/1.1 307 Temporary Redirect"
[2026-03-30 23:44:41,936][httpx][INFO] - HTTP Request: HEAD https://huggingface.co/api/resolve-cache/models/mixedbread-ai/mxbai-embed-large-v1/b33106f585b9ce46904ad7443a3b52b7a63e231c/config.json "HTTP/1.1 200 OK"
[2026-03-30 23:44:42,342][httpx][INFO] - HTTP Request: HEAD https://huggingface.co/mixedbread-ai/mxbai-embed-large-v1/resolve/main/config.json "HTTP/1.1 307 Temporary Redirect"
[2026-03-30 23:44:42,350][httpx][INFO] - HTTP Request: HEAD https://huggingface.co/api/resolve-cache/models/mixedbread-ai/mxbai-embed-large-v1/b33106f585b9ce46904ad7443a3b52b7a63e231c/config.json "HTTP/1.1 200 OK"
[2026-03-30 23:44:42,552][httpx][INFO] - HTTP Request: HEAD https://huggingface.co/mixedbread-ai/mxbai-embed-large-v1/resolve/main/tokenizer_config.json "HTTP/1.1 307 Temporary Redirect"
[2026-03-30 23:44:42,557][httpx][INFO] - HTTP Request: HEAD https://huggingface.co/api/resolve-cache/models/mixedbread-ai/mxbai-embed-large-v1/b33106f585b9ce46904ad7443a3b52b7a63e231c/tokenizer_config.json "HTTP/1.1 200 OK"
[2026-03-30 23:44:42,767][httpx][INFO] - HTTP Request: GET https://huggingface.co/api/models/mixedbread-ai/mxbai-embed-large-v1/tree/main/additional_chat_templates?recursive=false&expand=false "HTTP/1.1 404 Not Found"
[2026-03-30 23:44:42,972][httpx][INFO] - HTTP Request: GET https://huggingface.co/api/models/mixedbread-ai/mxbai-embed-large-v1/tree/main?recursive=true&expand=false "HTTP/1.1 200 OK"
[2026-03-30 23:44:43,211][httpx][INFO] - HTTP Request: HEAD https://huggingface.co/mixedbread-ai/mxbai-embed-large-v1/resolve/main/1_Pooling/config.json "HTTP/1.1 307 Temporary Redirect"
[2026-03-30 23:44:43,219][httpx][INFO] - HTTP Request: HEAD https://huggingface.co/api/resolve-cache/models/mixedbread-ai/mxbai-embed-large-v1/b33106f585b9ce46904ad7443a3b52b7a63e231c/1_Pooling%2Fconfig.json "HTTP/1.1 200 OK"
[2026-03-30 23:44:43,428][httpx][INFO] - HTTP Request: GET https://huggingface.co/api/models/mixedbread-ai/mxbai-embed-large-v1 "HTTP/1.1 200 OK"
[2026-03-30 23:44:43,967][sentence_transformers.SentenceTransformer][INFO] - 1 prompt is loaded, with the key: query
[2026-03-30 23:49:21,511][sentence_transformers.SentenceTransformer][INFO] - Load pretrained SentenceTransformer: mixedbread-ai/mxbai-embed-large-v1
[2026-03-30 23:49:21,782][httpx][INFO] - HTTP Request: HEAD https://huggingface.co/mixedbread-ai/mxbai-embed-large-v1/resolve/main/modules.json "HTTP/1.1 307 Temporary Redirect"
[2026-03-30 23:49:21,788][httpx][INFO] - HTTP Request: HEAD https://huggingface.co/api/resolve-cache/models/mixedbread-ai/mxbai-embed-large-v1/b33106f585b9ce46904ad7443a3b52b7a63e231c/modules.json "HTTP/1.1 200 OK"
[2026-03-30 23:49:21,985][httpx][INFO] - HTTP Request: HEAD https://huggingface.co/mixedbread-ai/mxbai-embed-large-v1/resolve/main/config_sentence_transformers.json "HTTP/1.1 307 Temporary Redirect"
[2026-03-30 23:49:21,991][httpx][INFO] - HTTP Request: HEAD https://huggingface.co/api/resolve-cache/models/mixedbread-ai/mxbai-embed-large-v1/b33106f585b9ce46904ad7443a3b52b7a63e231c/config_sentence_transformers.json "HTTP/1.1 200 OK"
[2026-03-30 23:49:22,195][httpx][INFO] - HTTP Request: HEAD https://huggingface.co/mixedbread-ai/mxbai-embed-large-v1/resolve/main/config_sentence_transformers.json "HTTP/1.1 307 Temporary Redirect"
[2026-03-30 23:49:22,201][httpx][INFO] - HTTP Request: HEAD https://huggingface.co/api/resolve-cache/models/mixedbread-ai/mxbai-embed-large-v1/b33106f585b9ce46904ad7443a3b52b7a63e231c/config_sentence_transformers.json "HTTP/1.1 200 OK"
[2026-03-30 23:49:32,468][httpx][INFO] - HTTP Request: HEAD https://huggingface.co/mixedbread-ai/mxbai-embed-large-v1/resolve/main/modules.json "HTTP/1.1 307 Temporary Redirect"
[2026-03-30 23:49:32,475][httpx][INFO] - HTTP Request: HEAD https://huggingface.co/api/resolve-cache/models/mixedbread-ai/mxbai-embed-large-v1/b33106f585b9ce46904ad7443a3b52b7a63e231c/modules.json "HTTP/1.1 200 OK"
[2026-03-30 23:49:32,686][httpx][INFO] - HTTP Request: HEAD https://huggingface.co/mixedbread-ai/mxbai-embed-large-v1/resolve/main/sentence_bert_config.json "HTTP/1.1 307 Temporary Redirect"
[2026-03-30 23:49:32,692][httpx][INFO] - HTTP Request: HEAD https://huggingface.co/api/resolve-cache/models/mixedbread-ai/mxbai-embed-large-v1/b33106f585b9ce46904ad7443a3b52b7a63e231c/sentence_bert_config.json "HTTP/1.1 200 OK"
[2026-03-30 23:49:32,893][httpx][INFO] - HTTP Request: HEAD https://huggingface.co/mixedbread-ai/mxbai-embed-large-v1/resolve/main/adapter_config.json "HTTP/1.1 404 Not Found"
[2026-03-30 23:49:33,095][httpx][INFO] - HTTP Request: HEAD https://huggingface.co/mixedbread-ai/mxbai-embed-large-v1/resolve/main/config.json "HTTP/1.1 307 Temporary Redirect"
[2026-03-30 23:49:33,100][httpx][INFO] - HTTP Request: HEAD https://huggingface.co/api/resolve-cache/models/mixedbread-ai/mxbai-embed-large-v1/b33106f585b9ce46904ad7443a3b52b7a63e231c/config.json "HTTP/1.1 200 OK"
[2026-03-30 23:49:33,513][httpx][INFO] - HTTP Request: HEAD https://huggingface.co/mixedbread-ai/mxbai-embed-large-v1/resolve/main/config.json "HTTP/1.1 307 Temporary Redirect"
[2026-03-30 23:49:33,527][httpx][INFO] - HTTP Request: HEAD https://huggingface.co/api/resolve-cache/models/mixedbread-ai/mxbai-embed-large-v1/b33106f585b9ce46904ad7443a3b52b7a63e231c/config.json "HTTP/1.1 200 OK"
[2026-03-30 23:49:33,741][httpx][INFO] - HTTP Request: HEAD https://huggingface.co/mixedbread-ai/mxbai-embed-large-v1/resolve/main/tokenizer_config.json "HTTP/1.1 307 Temporary Redirect"
[2026-03-30 23:49:33,747][httpx][INFO] - HTTP Request: HEAD https://huggingface.co/api/resolve-cache/models/mixedbread-ai/mxbai-embed-large-v1/b33106f585b9ce46904ad7443a3b52b7a63e231c/tokenizer_config.json "HTTP/1.1 200 OK"
[2026-03-30 23:49:33,951][httpx][INFO] - HTTP Request: GET https://huggingface.co/api/models/mixedbread-ai/mxbai-embed-large-v1/tree/main/additional_chat_templates?recursive=false&expand=false "HTTP/1.1 404 Not Found"
[2026-03-30 23:49:34,157][httpx][INFO] - HTTP Request: GET https://huggingface.co/api/models/mixedbread-ai/mxbai-embed-large-v1/tree/main?recursive=true&expand=false "HTTP/1.1 200 OK"
[2026-03-30 23:49:34,390][httpx][INFO] - HTTP Request: HEAD https://huggingface.co/mixedbread-ai/mxbai-embed-large-v1/resolve/main/1_Pooling/config.json "HTTP/1.1 307 Temporary Redirect"
[2026-03-30 23:49:34,396][httpx][INFO] - HTTP Request: HEAD https://huggingface.co/api/resolve-cache/models/mixedbread-ai/mxbai-embed-large-v1/b33106f585b9ce46904ad7443a3b52b7a63e231c/1_Pooling%2Fconfig.json "HTTP/1.1 200 OK"
[2026-03-30 23:49:34,605][httpx][INFO] - HTTP Request: GET https://huggingface.co/api/models/mixedbread-ai/mxbai-embed-large-v1 "HTTP/1.1 200 OK"
[2026-03-30 23:49:35,079][sentence_transformers.SentenceTransformer][INFO] - 1 prompt is loaded, with the key: query
[2026-03-30 23:54:03,445][sentence_transformers.SentenceTransformer][INFO] - Load pretrained SentenceTransformer: mixedbread-ai/mxbai-embed-large-v1
[2026-03-30 23:54:03,696][httpx][INFO] - HTTP Request: HEAD https://huggingface.co/mixedbread-ai/mxbai-embed-large-v1/resolve/main/modules.json "HTTP/1.1 307 Temporary Redirect"
[2026-03-30 23:54:03,702][httpx][INFO] - HTTP Request: HEAD https://huggingface.co/api/resolve-cache/models/mixedbread-ai/mxbai-embed-large-v1/b33106f585b9ce46904ad7443a3b52b7a63e231c/modules.json "HTTP/1.1 200 OK"
[2026-03-30 23:54:03,906][httpx][INFO] - HTTP Request: HEAD https://huggingface.co/mixedbread-ai/mxbai-embed-large-v1/resolve/main/config_sentence_transformers.json "HTTP/1.1 307 Temporary Redirect"
[2026-03-30 23:54:03,912][httpx][INFO] - HTTP Request: HEAD https://huggingface.co/api/resolve-cache/models/mixedbread-ai/mxbai-embed-large-v1/b33106f585b9ce46904ad7443a3b52b7a63e231c/config_sentence_transformers.json "HTTP/1.1 200 OK"
[2026-03-30 23:54:04,119][httpx][INFO] - HTTP Request: HEAD https://huggingface.co/mixedbread-ai/mxbai-embed-large-v1/resolve/main/config_sentence_transformers.json "HTTP/1.1 307 Temporary Redirect"
[2026-03-30 23:54:04,127][httpx][INFO] - HTTP Request: HEAD https://huggingface.co/api/resolve-cache/models/mixedbread-ai/mxbai-embed-large-v1/b33106f585b9ce46904ad7443a3b52b7a63e231c/config_sentence_transformers.json "HTTP/1.1 200 OK"
[2026-03-30 23:54:04,334][httpx][INFO] - HTTP Request: HEAD https://huggingface.co/mixedbread-ai/mxbai-embed-large-v1/resolve/main/README.md "HTTP/1.1 307 Temporary Redirect"
[2026-03-30 23:54:04,342][httpx][INFO] - HTTP Request: HEAD https://huggingface.co/api/resolve-cache/models/mixedbread-ai/mxbai-embed-large-v1/b33106f585b9ce46904ad7443a3b52b7a63e231c/README.md "HTTP/1.1 200 OK"
[2026-03-30 23:54:04,555][httpx][INFO] - HTTP Request: HEAD https://huggingface.co/mixedbread-ai/mxbai-embed-large-v1/resolve/main/modules.json "HTTP/1.1 307 Temporary Redirect"
[2026-03-30 23:54:04,560][httpx][INFO] - HTTP Request: HEAD https://huggingface.co/api/resolve-cache/models/mixedbread-ai/mxbai-embed-large-v1/b33106f585b9ce46904ad7443a3b52b7a63e231c/modules.json "HTTP/1.1 200 OK"
[2026-03-30 23:54:04,779][httpx][INFO] - HTTP Request: HEAD https://huggingface.co/mixedbread-ai/mxbai-embed-large-v1/resolve/main/sentence_bert_config.json "HTTP/1.1 307 Temporary Redirect"
[2026-03-30 23:54:04,790][httpx][INFO] - HTTP Request: HEAD https://huggingface.co/api/resolve-cache/models/mixedbread-ai/mxbai-embed-large-v1/b33106f585b9ce46904ad7443a3b52b7a63e231c/sentence_bert_config.json "HTTP/1.1 200 OK"
[2026-03-30 23:54:04,993][httpx][INFO] - HTTP Request: HEAD https://huggingface.co/mixedbread-ai/mxbai-embed-large-v1/resolve/main/adapter_config.json "HTTP/1.1 404 Not Found"
[2026-03-30 23:54:05,193][httpx][INFO] - HTTP Request: HEAD https://huggingface.co/mixedbread-ai/mxbai-embed-large-v1/resolve/main/config.json "HTTP/1.1 307 Temporary Redirect"
[2026-03-30 23:54:05,198][httpx][INFO] - HTTP Request: HEAD https://huggingface.co/api/resolve-cache/models/mixedbread-ai/mxbai-embed-large-v1/b33106f585b9ce46904ad7443a3b52b7a63e231c/config.json "HTTP/1.1 200 OK"
[2026-03-30 23:54:05,604][httpx][INFO] - HTTP Request: HEAD https://huggingface.co/mixedbread-ai/mxbai-embed-large-v1/resolve/main/config.json "HTTP/1.1 307 Temporary Redirect"
[2026-03-30 23:54:05,610][httpx][INFO] - HTTP Request: HEAD https://huggingface.co/api/resolve-cache/models/mixedbread-ai/mxbai-embed-large-v1/b33106f585b9ce46904ad7443a3b52b7a63e231c/config.json "HTTP/1.1 200 OK"
[2026-03-30 23:54:05,819][httpx][INFO] - HTTP Request: HEAD https://huggingface.co/mixedbread-ai/mxbai-embed-large-v1/resolve/main/tokenizer_config.json "HTTP/1.1 307 Temporary Redirect"
[2026-03-30 23:54:05,824][httpx][INFO] - HTTP Request: HEAD https://huggingface.co/api/resolve-cache/models/mixedbread-ai/mxbai-embed-large-v1/b33106f585b9ce46904ad7443a3b52b7a63e231c/tokenizer_config.json "HTTP/1.1 200 OK"
[2026-03-30 23:54:06,033][httpx][INFO] - HTTP Request: GET https://huggingface.co/api/models/mixedbread-ai/mxbai-embed-large-v1/tree/main/additional_chat_templates?recursive=false&expand=false "HTTP/1.1 404 Not Found"
[2026-03-30 23:54:06,245][httpx][INFO] - HTTP Request: GET https://huggingface.co/api/models/mixedbread-ai/mxbai-embed-large-v1/tree/main?recursive=true&expand=false "HTTP/1.1 200 OK"
[2026-03-30 23:54:06,469][httpx][INFO] - HTTP Request: HEAD https://huggingface.co/mixedbread-ai/mxbai-embed-large-v1/resolve/main/1_Pooling/config.json "HTTP/1.1 307 Temporary Redirect"
[2026-03-30 23:54:06,475][httpx][INFO] - HTTP Request: HEAD https://huggingface.co/api/resolve-cache/models/mixedbread-ai/mxbai-embed-large-v1/b33106f585b9ce46904ad7443a3b52b7a63e231c/1_Pooling%2Fconfig.json "HTTP/1.1 200 OK"
[2026-03-30 23:54:06,685][httpx][INFO] - HTTP Request: GET https://huggingface.co/api/models/mixedbread-ai/mxbai-embed-large-v1 "HTTP/1.1 200 OK"
[2026-03-30 23:54:07,143][sentence_transformers.SentenceTransformer][INFO] - 1 prompt is loaded, with the key: query
[2026-03-31 19:14:52,137][sentence_transformers.SentenceTransformer][INFO] - Load pretrained SentenceTransformer: mixedbread-ai/mxbai-embed-large-v1
[2026-03-31 19:14:52,382][httpx][INFO] - HTTP Request: HEAD https://huggingface.co/mixedbread-ai/mxbai-embed-large-v1/resolve/main/modules.json "HTTP/1.1 307 Temporary Redirect"
[2026-03-31 19:14:52,389][httpx][INFO] - HTTP Request: HEAD https://huggingface.co/api/resolve-cache/models/mixedbread-ai/mxbai-embed-large-v1/b33106f585b9ce46904ad7443a3b52b7a63e231c/modules.json "HTTP/1.1 200 OK"
[2026-03-31 19:14:52,620][httpx][INFO] - HTTP Request: HEAD https://huggingface.co/mixedbread-ai/mxbai-embed-large-v1/resolve/main/config_sentence_transformers.json "HTTP/1.1 307 Temporary Redirect"
[2026-03-31 19:14:52,627][httpx][INFO] - HTTP Request: HEAD https://huggingface.co/api/resolve-cache/models/mixedbread-ai/mxbai-embed-large-v1/b33106f585b9ce46904ad7443a3b52b7a63e231c/config_sentence_transformers.json "HTTP/1.1 200 OK"
[2026-03-31 19:14:52,843][httpx][INFO] - HTTP Request: HEAD https://huggingface.co/mixedbread-ai/mxbai-embed-large-v1/resolve/main/config_sentence_transformers.json "HTTP/1.1 307 Temporary Redirect"
[2026-03-31 19:14:52,849][httpx][INFO] - HTTP Request: HEAD https://huggingface.co/api/resolve-cache/models/mixedbread-ai/mxbai-embed-large-v1/b33106f585b9ce46904ad7443a3b52b7a63e231c/config_sentence_transformers.json "HTTP/1.1 200 OK"
[2026-03-31 19:14:53,052][httpx][INFO] - HTTP Request: HEAD https://huggingface.co/mixedbread-ai/mxbai-embed-large-v1/resolve/main/README.md "HTTP/1.1 307 Temporary Redirect"
[2026-03-31 19:14:53,058][httpx][INFO] - HTTP Request: HEAD https://huggingface.co/api/resolve-cache/models/mixedbread-ai/mxbai-embed-large-v1/b33106f585b9ce46904ad7443a3b52b7a63e231c/README.md "HTTP/1.1 200 OK"
[2026-03-31 19:14:53,274][httpx][INFO] - HTTP Request: HEAD https://huggingface.co/mixedbread-ai/mxbai-embed-large-v1/resolve/main/modules.json "HTTP/1.1 307 Temporary Redirect"
[2026-03-31 19:14:53,281][httpx][INFO] - HTTP Request: HEAD https://huggingface.co/api/resolve-cache/models/mixedbread-ai/mxbai-embed-large-v1/b33106f585b9ce46904ad7443a3b52b7a63e231c/modules.json "HTTP/1.1 200 OK"
[2026-03-31 19:14:53,496][httpx][INFO] - HTTP Request: HEAD https://huggingface.co/mixedbread-ai/mxbai-embed-large-v1/resolve/main/sentence_bert_config.json "HTTP/1.1 307 Temporary Redirect"
[2026-03-31 19:14:53,504][httpx][INFO] - HTTP Request: HEAD https://huggingface.co/api/resolve-cache/models/mixedbread-ai/mxbai-embed-large-v1/b33106f585b9ce46904ad7443a3b52b7a63e231c/sentence_bert_config.json "HTTP/1.1 200 OK"
[2026-03-31 19:14:53,722][httpx][INFO] - HTTP Request: HEAD https://huggingface.co/mixedbread-ai/mxbai-embed-large-v1/resolve/main/adapter_config.json "HTTP/1.1 404 Not Found"
[2026-03-31 19:14:53,929][httpx][INFO] - HTTP Request: HEAD https://huggingface.co/mixedbread-ai/mxbai-embed-large-v1/resolve/main/config.json "HTTP/1.1 307 Temporary Redirect"
[2026-03-31 19:14:53,937][httpx][INFO] - HTTP Request: HEAD https://huggingface.co/api/resolve-cache/models/mixedbread-ai/mxbai-embed-large-v1/b33106f585b9ce46904ad7443a3b52b7a63e231c/config.json "HTTP/1.1 200 OK"
[2026-03-31 19:14:54,404][httpx][INFO] - HTTP Request: HEAD https://huggingface.co/mixedbread-ai/mxbai-embed-large-v1/resolve/main/config.json "HTTP/1.1 307 Temporary Redirect"
[2026-03-31 19:14:54,411][httpx][INFO] - HTTP Request: HEAD https://huggingface.co/api/resolve-cache/models/mixedbread-ai/mxbai-embed-large-v1/b33106f585b9ce46904ad7443a3b52b7a63e231c/config.json "HTTP/1.1 200 OK"
[2026-03-31 19:14:54,614][httpx][INFO] - HTTP Request: HEAD https://huggingface.co/mixedbread-ai/mxbai-embed-large-v1/resolve/main/tokenizer_config.json "HTTP/1.1 307 Temporary Redirect"
[2026-03-31 19:14:54,621][httpx][INFO] - HTTP Request: HEAD https://huggingface.co/api/resolve-cache/models/mixedbread-ai/mxbai-embed-large-v1/b33106f585b9ce46904ad7443a3b52b7a63e231c/tokenizer_config.json "HTTP/1.1 200 OK"
[2026-03-31 19:14:54,846][httpx][INFO] - HTTP Request: GET https://huggingface.co/api/models/mixedbread-ai/mxbai-embed-large-v1/tree/main/additional_chat_templates?recursive=false&expand=false "HTTP/1.1 404 Not Found"
[2026-03-31 19:14:55,054][httpx][INFO] - HTTP Request: GET https://huggingface.co/api/models/mixedbread-ai/mxbai-embed-large-v1/tree/main?recursive=true&expand=false "HTTP/1.1 200 OK"
[2026-03-31 19:14:55,306][httpx][INFO] - HTTP Request: HEAD https://huggingface.co/mixedbread-ai/mxbai-embed-large-v1/resolve/main/1_Pooling/config.json "HTTP/1.1 307 Temporary Redirect"
[2026-03-31 19:14:55,313][httpx][INFO] - HTTP Request: HEAD https://huggingface.co/api/resolve-cache/models/mixedbread-ai/mxbai-embed-large-v1/b33106f585b9ce46904ad7443a3b52b7a63e231c/1_Pooling%2Fconfig.json "HTTP/1.1 200 OK"
[2026-03-31 19:14:55,536][httpx][INFO] - HTTP Request: GET https://huggingface.co/api/models/mixedbread-ai/mxbai-embed-large-v1 "HTTP/1.1 200 OK"
[2026-03-31 19:14:56,483][sentence_transformers.SentenceTransformer][INFO] - 1 prompt is loaded, with the key: query
[2026-03-31 19:17:38,906][sentence_transformers.SentenceTransformer][INFO] - Load pretrained SentenceTransformer: mixedbread-ai/mxbai-embed-large-v1
[2026-03-31 19:17:39,137][httpx][INFO] - HTTP Request: HEAD https://huggingface.co/mixedbread-ai/mxbai-embed-large-v1/resolve/main/modules.json "HTTP/1.1 307 Temporary Redirect"
[2026-03-31 19:17:39,144][httpx][INFO] - HTTP Request: HEAD https://huggingface.co/api/resolve-cache/models/mixedbread-ai/mxbai-embed-large-v1/b33106f585b9ce46904ad7443a3b52b7a63e231c/modules.json "HTTP/1.1 200 OK"
[2026-03-31 19:17:39,346][httpx][INFO] - HTTP Request: HEAD https://huggingface.co/mixedbread-ai/mxbai-embed-large-v1/resolve/main/config_sentence_transformers.json "HTTP/1.1 307 Temporary Redirect"
[2026-03-31 19:17:39,353][httpx][INFO] - HTTP Request: HEAD https://huggingface.co/api/resolve-cache/models/mixedbread-ai/mxbai-embed-large-v1/b33106f585b9ce46904ad7443a3b52b7a63e231c/config_sentence_transformers.json "HTTP/1.1 200 OK"
[2026-03-31 19:17:39,557][httpx][INFO] - HTTP Request: HEAD https://huggingface.co/mixedbread-ai/mxbai-embed-large-v1/resolve/main/config_sentence_transformers.json "HTTP/1.1 307 Temporary Redirect"
[2026-03-31 19:17:39,574][httpx][INFO] - HTTP Request: HEAD https://huggingface.co/api/resolve-cache/models/mixedbread-ai/mxbai-embed-large-v1/b33106f585b9ce46904ad7443a3b52b7a63e231c/config_sentence_transformers.json "HTTP/1.1 200 OK"
[2026-03-31 19:17:39,783][httpx][INFO] - HTTP Request: HEAD https://huggingface.co/mixedbread-ai/mxbai-embed-large-v1/resolve/main/README.md "HTTP/1.1 307 Temporary Redirect"
[2026-03-31 19:17:39,790][httpx][INFO] - HTTP Request: HEAD https://huggingface.co/api/resolve-cache/models/mixedbread-ai/mxbai-embed-large-v1/b33106f585b9ce46904ad7443a3b52b7a63e231c/README.md "HTTP/1.1 200 OK"
[2026-03-31 19:17:40,054][httpx][INFO] - HTTP Request: HEAD https://huggingface.co/mixedbread-ai/mxbai-embed-large-v1/resolve/main/modules.json "HTTP/1.1 307 Temporary Redirect"
[2026-03-31 19:17:40,060][httpx][INFO] - HTTP Request: HEAD https://huggingface.co/api/resolve-cache/models/mixedbread-ai/mxbai-embed-large-v1/b33106f585b9ce46904ad7443a3b52b7a63e231c/modules.json "HTTP/1.1 200 OK"
[2026-03-31 19:17:40,261][httpx][INFO] - HTTP Request: HEAD https://huggingface.co/mixedbread-ai/mxbai-embed-large-v1/resolve/main/sentence_bert_config.json "HTTP/1.1 307 Temporary Redirect"
[2026-03-31 19:17:40,268][httpx][INFO] - HTTP Request: HEAD https://huggingface.co/api/resolve-cache/models/mixedbread-ai/mxbai-embed-large-v1/b33106f585b9ce46904ad7443a3b52b7a63e231c/sentence_bert_config.json "HTTP/1.1 200 OK"
[2026-03-31 19:17:40,476][httpx][INFO] - HTTP Request: HEAD https://huggingface.co/mixedbread-ai/mxbai-embed-large-v1/resolve/main/adapter_config.json "HTTP/1.1 404 Not Found"
[2026-03-31 19:17:40,688][httpx][INFO] - HTTP Request: HEAD https://huggingface.co/mixedbread-ai/mxbai-embed-large-v1/resolve/main/config.json "HTTP/1.1 307 Temporary Redirect"
[2026-03-31 19:17:40,696][httpx][INFO] - HTTP Request: HEAD https://huggingface.co/api/resolve-cache/models/mixedbread-ai/mxbai-embed-large-v1/b33106f585b9ce46904ad7443a3b52b7a63e231c/config.json "HTTP/1.1 200 OK"
[2026-03-31 19:17:41,102][httpx][INFO] - HTTP Request: HEAD https://huggingface.co/mixedbread-ai/mxbai-embed-large-v1/resolve/main/config.json "HTTP/1.1 307 Temporary Redirect"
[2026-03-31 19:17:41,109][httpx][INFO] - HTTP Request: HEAD https://huggingface.co/api/resolve-cache/models/mixedbread-ai/mxbai-embed-large-v1/b33106f585b9ce46904ad7443a3b52b7a63e231c/config.json "HTTP/1.1 200 OK"
[2026-03-31 19:17:41,317][httpx][INFO] - HTTP Request: HEAD https://huggingface.co/mixedbread-ai/mxbai-embed-large-v1/resolve/main/tokenizer_config.json "HTTP/1.1 307 Temporary Redirect"
[2026-03-31 19:17:41,323][httpx][INFO] - HTTP Request: HEAD https://huggingface.co/api/resolve-cache/models/mixedbread-ai/mxbai-embed-large-v1/b33106f585b9ce46904ad7443a3b52b7a63e231c/tokenizer_config.json "HTTP/1.1 200 OK"
[2026-03-31 19:17:41,529][httpx][INFO] - HTTP Request: GET https://huggingface.co/api/models/mixedbread-ai/mxbai-embed-large-v1/tree/main/additional_chat_templates?recursive=false&expand=false "HTTP/1.1 404 Not Found"
[2026-03-31 19:17:41,735][httpx][INFO] - HTTP Request: GET https://huggingface.co/api/models/mixedbread-ai/mxbai-embed-large-v1/tree/main?recursive=true&expand=false "HTTP/1.1 200 OK"
[2026-03-31 19:17:41,963][httpx][INFO] - HTTP Request: HEAD https://huggingface.co/mixedbread-ai/mxbai-embed-large-v1/resolve/main/1_Pooling/config.json "HTTP/1.1 307 Temporary Redirect"
[2026-03-31 19:17:41,969][httpx][INFO] - HTTP Request: HEAD https://huggingface.co/api/resolve-cache/models/mixedbread-ai/mxbai-embed-large-v1/b33106f585b9ce46904ad7443a3b52b7a63e231c/1_Pooling%2Fconfig.json "HTTP/1.1 200 OK"
[2026-03-31 19:17:42,182][httpx][INFO] - HTTP Request: GET https://huggingface.co/api/models/mixedbread-ai/mxbai-embed-large-v1 "HTTP/1.1 200 OK"
[2026-03-31 19:17:42,727][sentence_transformers.SentenceTransformer][INFO] - 1 prompt is loaded, with the key: query
