[2026-03-31 02:30:09,842][sentence_transformers.SentenceTransformer][INFO] - Load pretrained SentenceTransformer: mixedbread-ai/mxbai-embed-large-v1
[2026-03-31 02:30:10,076][httpx][INFO] - HTTP Request: HEAD https://huggingface.co/mixedbread-ai/mxbai-embed-large-v1/resolve/main/modules.json "HTTP/1.1 307 Temporary Redirect"
[2026-03-31 02:30:10,087][httpx][INFO] - HTTP Request: HEAD https://huggingface.co/api/resolve-cache/models/mixedbread-ai/mxbai-embed-large-v1/b33106f585b9ce46904ad7443a3b52b7a63e231c/modules.json "HTTP/1.1 200 OK"
[2026-03-31 02:30:10,291][httpx][INFO] - HTTP Request: HEAD https://huggingface.co/mixedbread-ai/mxbai-embed-large-v1/resolve/main/config_sentence_transformers.json "HTTP/1.1 307 Temporary Redirect"
[2026-03-31 02:30:10,495][httpx][INFO] - HTTP Request: HEAD https://huggingface.co/api/resolve-cache/models/mixedbread-ai/mxbai-embed-large-v1/b33106f585b9ce46904ad7443a3b52b7a63e231c/config_sentence_transformers.json "HTTP/1.1 200 OK"
[2026-03-31 02:30:10,708][httpx][INFO] - HTTP Request: HEAD https://huggingface.co/mixedbread-ai/mxbai-embed-large-v1/resolve/main/config_sentence_transformers.json "HTTP/1.1 307 Temporary Redirect"
[2026-03-31 02:30:10,718][httpx][INFO] - HTTP Request: HEAD https://huggingface.co/api/resolve-cache/models/mixedbread-ai/mxbai-embed-large-v1/b33106f585b9ce46904ad7443a3b52b7a63e231c/config_sentence_transformers.json "HTTP/1.1 200 OK"
[2026-03-31 02:30:10,922][httpx][INFO] - HTTP Request: HEAD https://huggingface.co/mixedbread-ai/mxbai-embed-large-v1/resolve/main/README.md "HTTP/1.1 307 Temporary Redirect"
[2026-03-31 02:30:10,931][httpx][INFO] - HTTP Request: HEAD https://huggingface.co/api/resolve-cache/models/mixedbread-ai/mxbai-embed-large-v1/b33106f585b9ce46904ad7443a3b52b7a63e231c/README.md "HTTP/1.1 200 OK"
[2026-03-31 02:30:11,152][httpx][INFO] - HTTP Request: HEAD https://huggingface.co/mixedbread-ai/mxbai-embed-large-v1/resolve/main/modules.json "HTTP/1.1 307 Temporary Redirect"
[2026-03-31 02:30:11,158][httpx][INFO] - HTTP Request: HEAD https://huggingface.co/api/resolve-cache/models/mixedbread-ai/mxbai-embed-large-v1/b33106f585b9ce46904ad7443a3b52b7a63e231c/modules.json "HTTP/1.1 200 OK"
[2026-03-31 02:30:11,370][httpx][INFO] - HTTP Request: HEAD https://huggingface.co/mixedbread-ai/mxbai-embed-large-v1/resolve/main/sentence_bert_config.json "HTTP/1.1 307 Temporary Redirect"
[2026-03-31 02:30:11,380][httpx][INFO] - HTTP Request: HEAD https://huggingface.co/api/resolve-cache/models/mixedbread-ai/mxbai-embed-large-v1/b33106f585b9ce46904ad7443a3b52b7a63e231c/sentence_bert_config.json "HTTP/1.1 200 OK"
[2026-03-31 02:30:11,583][httpx][INFO] - HTTP Request: HEAD https://huggingface.co/mixedbread-ai/mxbai-embed-large-v1/resolve/main/adapter_config.json "HTTP/1.1 404 Not Found"
[2026-03-31 02:30:11,779][httpx][INFO] - HTTP Request: HEAD https://huggingface.co/mixedbread-ai/mxbai-embed-large-v1/resolve/main/config.json "HTTP/1.1 307 Temporary Redirect"
[2026-03-31 02:30:11,788][httpx][INFO] - HTTP Request: HEAD https://huggingface.co/api/resolve-cache/models/mixedbread-ai/mxbai-embed-large-v1/b33106f585b9ce46904ad7443a3b52b7a63e231c/config.json "HTTP/1.1 200 OK"
[2026-03-31 02:30:12,264][httpx][INFO] - HTTP Request: HEAD https://huggingface.co/mixedbread-ai/mxbai-embed-large-v1/resolve/main/config.json "HTTP/1.1 307 Temporary Redirect"
[2026-03-31 02:30:12,270][httpx][INFO] - HTTP Request: HEAD https://huggingface.co/api/resolve-cache/models/mixedbread-ai/mxbai-embed-large-v1/b33106f585b9ce46904ad7443a3b52b7a63e231c/config.json "HTTP/1.1 200 OK"
[2026-03-31 02:30:12,470][httpx][INFO] - HTTP Request: HEAD https://huggingface.co/mixedbread-ai/mxbai-embed-large-v1/resolve/main/tokenizer_config.json "HTTP/1.1 307 Temporary Redirect"
[2026-03-31 02:30:12,479][httpx][INFO] - HTTP Request: HEAD https://huggingface.co/api/resolve-cache/models/mixedbread-ai/mxbai-embed-large-v1/b33106f585b9ce46904ad7443a3b52b7a63e231c/tokenizer_config.json "HTTP/1.1 200 OK"
[2026-03-31 02:30:12,697][httpx][INFO] - HTTP Request: GET https://huggingface.co/api/models/mixedbread-ai/mxbai-embed-large-v1/tree/main/additional_chat_templates?recursive=false&expand=false "HTTP/1.1 404 Not Found"
[2026-03-31 02:30:12,934][httpx][INFO] - HTTP Request: GET https://huggingface.co/api/models/mixedbread-ai/mxbai-embed-large-v1/tree/main?recursive=true&expand=false "HTTP/1.1 200 OK"
[2026-03-31 02:30:13,190][httpx][INFO] - HTTP Request: HEAD https://huggingface.co/mixedbread-ai/mxbai-embed-large-v1/resolve/main/1_Pooling/config.json "HTTP/1.1 307 Temporary Redirect"
[2026-03-31 02:30:13,200][httpx][INFO] - HTTP Request: HEAD https://huggingface.co/api/resolve-cache/models/mixedbread-ai/mxbai-embed-large-v1/b33106f585b9ce46904ad7443a3b52b7a63e231c/1_Pooling%2Fconfig.json "HTTP/1.1 200 OK"
[2026-03-31 02:30:13,504][httpx][INFO] - HTTP Request: GET https://huggingface.co/api/models/mixedbread-ai/mxbai-embed-large-v1 "HTTP/1.1 200 OK"
[2026-03-31 02:30:14,446][sentence_transformers.SentenceTransformer][INFO] - 1 prompt is loaded, with the key: query
[2026-03-31 03:08:08,082][sentence_transformers.SentenceTransformer][INFO] - Load pretrained SentenceTransformer: mixedbread-ai/mxbai-embed-large-v1
[2026-03-31 03:08:08,322][httpx][INFO] - HTTP Request: HEAD https://huggingface.co/mixedbread-ai/mxbai-embed-large-v1/resolve/main/modules.json "HTTP/1.1 307 Temporary Redirect"
[2026-03-31 03:08:08,331][httpx][INFO] - HTTP Request: HEAD https://huggingface.co/api/resolve-cache/models/mixedbread-ai/mxbai-embed-large-v1/b33106f585b9ce46904ad7443a3b52b7a63e231c/modules.json "HTTP/1.1 200 OK"
[2026-03-31 03:08:08,545][httpx][INFO] - HTTP Request: HEAD https://huggingface.co/mixedbread-ai/mxbai-embed-large-v1/resolve/main/config_sentence_transformers.json "HTTP/1.1 307 Temporary Redirect"
[2026-03-31 03:08:08,552][httpx][INFO] - HTTP Request: HEAD https://huggingface.co/api/resolve-cache/models/mixedbread-ai/mxbai-embed-large-v1/b33106f585b9ce46904ad7443a3b52b7a63e231c/config_sentence_transformers.json "HTTP/1.1 200 OK"
[2026-03-31 03:08:08,763][httpx][INFO] - HTTP Request: HEAD https://huggingface.co/mixedbread-ai/mxbai-embed-large-v1/resolve/main/config_sentence_transformers.json "HTTP/1.1 307 Temporary Redirect"
[2026-03-31 03:08:08,769][httpx][INFO] - HTTP Request: HEAD https://huggingface.co/api/resolve-cache/models/mixedbread-ai/mxbai-embed-large-v1/b33106f585b9ce46904ad7443a3b52b7a63e231c/config_sentence_transformers.json "HTTP/1.1 200 OK"
[2026-03-31 03:08:08,969][httpx][INFO] - HTTP Request: HEAD https://huggingface.co/mixedbread-ai/mxbai-embed-large-v1/resolve/main/README.md "HTTP/1.1 307 Temporary Redirect"
[2026-03-31 03:08:08,978][httpx][INFO] - HTTP Request: HEAD https://huggingface.co/api/resolve-cache/models/mixedbread-ai/mxbai-embed-large-v1/b33106f585b9ce46904ad7443a3b52b7a63e231c/README.md "HTTP/1.1 200 OK"
[2026-03-31 03:08:09,184][httpx][INFO] - HTTP Request: HEAD https://huggingface.co/mixedbread-ai/mxbai-embed-large-v1/resolve/main/modules.json "HTTP/1.1 307 Temporary Redirect"
[2026-03-31 03:08:09,190][httpx][INFO] - HTTP Request: HEAD https://huggingface.co/api/resolve-cache/models/mixedbread-ai/mxbai-embed-large-v1/b33106f585b9ce46904ad7443a3b52b7a63e231c/modules.json "HTTP/1.1 200 OK"
[2026-03-31 03:08:09,390][httpx][INFO] - HTTP Request: HEAD https://huggingface.co/mixedbread-ai/mxbai-embed-large-v1/resolve/main/sentence_bert_config.json "HTTP/1.1 307 Temporary Redirect"
[2026-03-31 03:08:09,397][httpx][INFO] - HTTP Request: HEAD https://huggingface.co/api/resolve-cache/models/mixedbread-ai/mxbai-embed-large-v1/b33106f585b9ce46904ad7443a3b52b7a63e231c/sentence_bert_config.json "HTTP/1.1 200 OK"
[2026-03-31 03:08:09,613][httpx][INFO] - HTTP Request: HEAD https://huggingface.co/mixedbread-ai/mxbai-embed-large-v1/resolve/main/adapter_config.json "HTTP/1.1 404 Not Found"
[2026-03-31 03:08:09,818][httpx][INFO] - HTTP Request: HEAD https://huggingface.co/mixedbread-ai/mxbai-embed-large-v1/resolve/main/config.json "HTTP/1.1 307 Temporary Redirect"
[2026-03-31 03:08:09,828][httpx][INFO] - HTTP Request: HEAD https://huggingface.co/api/resolve-cache/models/mixedbread-ai/mxbai-embed-large-v1/b33106f585b9ce46904ad7443a3b52b7a63e231c/config.json "HTTP/1.1 200 OK"
[2026-03-31 03:08:10,333][httpx][INFO] - HTTP Request: HEAD https://huggingface.co/mixedbread-ai/mxbai-embed-large-v1/resolve/main/config.json "HTTP/1.1 307 Temporary Redirect"
[2026-03-31 03:08:10,340][httpx][INFO] - HTTP Request: HEAD https://huggingface.co/api/resolve-cache/models/mixedbread-ai/mxbai-embed-large-v1/b33106f585b9ce46904ad7443a3b52b7a63e231c/config.json "HTTP/1.1 200 OK"
[2026-03-31 03:08:10,547][httpx][INFO] - HTTP Request: HEAD https://huggingface.co/mixedbread-ai/mxbai-embed-large-v1/resolve/main/tokenizer_config.json "HTTP/1.1 307 Temporary Redirect"
[2026-03-31 03:08:10,553][httpx][INFO] - HTTP Request: HEAD https://huggingface.co/api/resolve-cache/models/mixedbread-ai/mxbai-embed-large-v1/b33106f585b9ce46904ad7443a3b52b7a63e231c/tokenizer_config.json "HTTP/1.1 200 OK"
[2026-03-31 03:08:10,773][httpx][INFO] - HTTP Request: GET https://huggingface.co/api/models/mixedbread-ai/mxbai-embed-large-v1/tree/main/additional_chat_templates?recursive=false&expand=false "HTTP/1.1 404 Not Found"
[2026-03-31 03:08:10,983][httpx][INFO] - HTTP Request: GET https://huggingface.co/api/models/mixedbread-ai/mxbai-embed-large-v1/tree/main?recursive=true&expand=false "HTTP/1.1 200 OK"
[2026-03-31 03:08:11,227][httpx][INFO] - HTTP Request: HEAD https://huggingface.co/mixedbread-ai/mxbai-embed-large-v1/resolve/main/1_Pooling/config.json "HTTP/1.1 307 Temporary Redirect"
[2026-03-31 03:08:11,236][httpx][INFO] - HTTP Request: HEAD https://huggingface.co/api/resolve-cache/models/mixedbread-ai/mxbai-embed-large-v1/b33106f585b9ce46904ad7443a3b52b7a63e231c/1_Pooling%2Fconfig.json "HTTP/1.1 200 OK"
[2026-03-31 03:08:11,471][httpx][INFO] - HTTP Request: GET https://huggingface.co/api/models/mixedbread-ai/mxbai-embed-large-v1 "HTTP/1.1 200 OK"
[2026-03-31 03:08:12,422][sentence_transformers.SentenceTransformer][INFO] - 1 prompt is loaded, with the key: query
