[2026-03-31 10:50:35,981][sentence_transformers.SentenceTransformer][INFO] - Load pretrained SentenceTransformer: mixedbread-ai/mxbai-embed-large-v1
[2026-03-31 10:50:36,268][httpx][INFO] - HTTP Request: HEAD https://huggingface.co/mixedbread-ai/mxbai-embed-large-v1/resolve/main/modules.json "HTTP/1.1 307 Temporary Redirect"
[2026-03-31 10:50:36,274][httpx][INFO] - HTTP Request: HEAD https://huggingface.co/api/resolve-cache/models/mixedbread-ai/mxbai-embed-large-v1/b33106f585b9ce46904ad7443a3b52b7a63e231c/modules.json "HTTP/1.1 200 OK"
[2026-03-31 10:50:36,486][httpx][INFO] - HTTP Request: HEAD https://huggingface.co/mixedbread-ai/mxbai-embed-large-v1/resolve/main/config_sentence_transformers.json "HTTP/1.1 307 Temporary Redirect"
[2026-03-31 10:50:36,494][httpx][INFO] - HTTP Request: HEAD https://huggingface.co/api/resolve-cache/models/mixedbread-ai/mxbai-embed-large-v1/b33106f585b9ce46904ad7443a3b52b7a63e231c/config_sentence_transformers.json "HTTP/1.1 200 OK"
[2026-03-31 10:50:36,694][httpx][INFO] - HTTP Request: HEAD https://huggingface.co/mixedbread-ai/mxbai-embed-large-v1/resolve/main/config_sentence_transformers.json "HTTP/1.1 307 Temporary Redirect"
[2026-03-31 10:50:36,701][httpx][INFO] - HTTP Request: HEAD https://huggingface.co/api/resolve-cache/models/mixedbread-ai/mxbai-embed-large-v1/b33106f585b9ce46904ad7443a3b52b7a63e231c/config_sentence_transformers.json "HTTP/1.1 200 OK"
[2026-03-31 10:50:36,903][httpx][INFO] - HTTP Request: HEAD https://huggingface.co/mixedbread-ai/mxbai-embed-large-v1/resolve/main/README.md "HTTP/1.1 307 Temporary Redirect"
[2026-03-31 10:50:36,909][httpx][INFO] - HTTP Request: HEAD https://huggingface.co/api/resolve-cache/models/mixedbread-ai/mxbai-embed-large-v1/b33106f585b9ce46904ad7443a3b52b7a63e231c/README.md "HTTP/1.1 200 OK"
[2026-03-31 10:50:37,114][httpx][INFO] - HTTP Request: HEAD https://huggingface.co/mixedbread-ai/mxbai-embed-large-v1/resolve/main/modules.json "HTTP/1.1 307 Temporary Redirect"
[2026-03-31 10:50:37,121][httpx][INFO] - HTTP Request: HEAD https://huggingface.co/api/resolve-cache/models/mixedbread-ai/mxbai-embed-large-v1/b33106f585b9ce46904ad7443a3b52b7a63e231c/modules.json "HTTP/1.1 200 OK"
[2026-03-31 10:50:37,323][httpx][INFO] - HTTP Request: HEAD https://huggingface.co/mixedbread-ai/mxbai-embed-large-v1/resolve/main/sentence_bert_config.json "HTTP/1.1 307 Temporary Redirect"
[2026-03-31 10:50:37,332][httpx][INFO] - HTTP Request: HEAD https://huggingface.co/api/resolve-cache/models/mixedbread-ai/mxbai-embed-large-v1/b33106f585b9ce46904ad7443a3b52b7a63e231c/sentence_bert_config.json "HTTP/1.1 200 OK"
[2026-03-31 10:50:37,542][httpx][INFO] - HTTP Request: HEAD https://huggingface.co/mixedbread-ai/mxbai-embed-large-v1/resolve/main/adapter_config.json "HTTP/1.1 404 Not Found"
[2026-03-31 10:50:37,741][httpx][INFO] - HTTP Request: HEAD https://huggingface.co/mixedbread-ai/mxbai-embed-large-v1/resolve/main/config.json "HTTP/1.1 307 Temporary Redirect"
[2026-03-31 10:50:37,749][httpx][INFO] - HTTP Request: HEAD https://huggingface.co/api/resolve-cache/models/mixedbread-ai/mxbai-embed-large-v1/b33106f585b9ce46904ad7443a3b52b7a63e231c/config.json "HTTP/1.1 200 OK"
[2026-03-31 10:50:38,295][httpx][INFO] - HTTP Request: HEAD https://huggingface.co/mixedbread-ai/mxbai-embed-large-v1/resolve/main/config.json "HTTP/1.1 307 Temporary Redirect"
[2026-03-31 10:50:38,306][httpx][INFO] - HTTP Request: HEAD https://huggingface.co/api/resolve-cache/models/mixedbread-ai/mxbai-embed-large-v1/b33106f585b9ce46904ad7443a3b52b7a63e231c/config.json "HTTP/1.1 200 OK"
[2026-03-31 10:50:38,509][httpx][INFO] - HTTP Request: HEAD https://huggingface.co/mixedbread-ai/mxbai-embed-large-v1/resolve/main/tokenizer_config.json "HTTP/1.1 307 Temporary Redirect"
[2026-03-31 10:50:38,516][httpx][INFO] - HTTP Request: HEAD https://huggingface.co/api/resolve-cache/models/mixedbread-ai/mxbai-embed-large-v1/b33106f585b9ce46904ad7443a3b52b7a63e231c/tokenizer_config.json "HTTP/1.1 200 OK"
[2026-03-31 10:50:38,731][httpx][INFO] - HTTP Request: GET https://huggingface.co/api/models/mixedbread-ai/mxbai-embed-large-v1/tree/main/additional_chat_templates?recursive=false&expand=false "HTTP/1.1 404 Not Found"
[2026-03-31 10:50:38,941][httpx][INFO] - HTTP Request: GET https://huggingface.co/api/models/mixedbread-ai/mxbai-embed-large-v1/tree/main?recursive=true&expand=false "HTTP/1.1 200 OK"
[2026-03-31 10:50:39,190][httpx][INFO] - HTTP Request: HEAD https://huggingface.co/mixedbread-ai/mxbai-embed-large-v1/resolve/main/1_Pooling/config.json "HTTP/1.1 307 Temporary Redirect"
[2026-03-31 10:50:39,196][httpx][INFO] - HTTP Request: HEAD https://huggingface.co/api/resolve-cache/models/mixedbread-ai/mxbai-embed-large-v1/b33106f585b9ce46904ad7443a3b52b7a63e231c/1_Pooling%2Fconfig.json "HTTP/1.1 200 OK"
[2026-03-31 10:50:39,402][httpx][INFO] - HTTP Request: GET https://huggingface.co/api/models/mixedbread-ai/mxbai-embed-large-v1 "HTTP/1.1 200 OK"
[2026-03-31 10:50:40,415][sentence_transformers.SentenceTransformer][INFO] - 1 prompt is loaded, with the key: query
[2026-03-31 11:46:24,028][sentence_transformers.SentenceTransformer][INFO] - Load pretrained SentenceTransformer: mixedbread-ai/mxbai-embed-large-v1
[2026-03-31 11:46:24,274][httpx][INFO] - HTTP Request: HEAD https://huggingface.co/mixedbread-ai/mxbai-embed-large-v1/resolve/main/modules.json "HTTP/1.1 307 Temporary Redirect"
[2026-03-31 11:46:24,282][httpx][INFO] - HTTP Request: HEAD https://huggingface.co/api/resolve-cache/models/mixedbread-ai/mxbai-embed-large-v1/b33106f585b9ce46904ad7443a3b52b7a63e231c/modules.json "HTTP/1.1 200 OK"
[2026-03-31 11:46:24,497][httpx][INFO] - HTTP Request: HEAD https://huggingface.co/mixedbread-ai/mxbai-embed-large-v1/resolve/main/config_sentence_transformers.json "HTTP/1.1 307 Temporary Redirect"
[2026-03-31 11:46:24,505][httpx][INFO] - HTTP Request: HEAD https://huggingface.co/api/resolve-cache/models/mixedbread-ai/mxbai-embed-large-v1/b33106f585b9ce46904ad7443a3b52b7a63e231c/config_sentence_transformers.json "HTTP/1.1 200 OK"
[2026-03-31 11:46:24,708][httpx][INFO] - HTTP Request: HEAD https://huggingface.co/mixedbread-ai/mxbai-embed-large-v1/resolve/main/config_sentence_transformers.json "HTTP/1.1 307 Temporary Redirect"
[2026-03-31 11:46:24,715][httpx][INFO] - HTTP Request: HEAD https://huggingface.co/api/resolve-cache/models/mixedbread-ai/mxbai-embed-large-v1/b33106f585b9ce46904ad7443a3b52b7a63e231c/config_sentence_transformers.json "HTTP/1.1 200 OK"
[2026-03-31 11:46:24,921][httpx][INFO] - HTTP Request: HEAD https://huggingface.co/mixedbread-ai/mxbai-embed-large-v1/resolve/main/README.md "HTTP/1.1 307 Temporary Redirect"
[2026-03-31 11:46:24,928][httpx][INFO] - HTTP Request: HEAD https://huggingface.co/api/resolve-cache/models/mixedbread-ai/mxbai-embed-large-v1/b33106f585b9ce46904ad7443a3b52b7a63e231c/README.md "HTTP/1.1 200 OK"
[2026-03-31 11:46:25,137][httpx][INFO] - HTTP Request: HEAD https://huggingface.co/mixedbread-ai/mxbai-embed-large-v1/resolve/main/modules.json "HTTP/1.1 307 Temporary Redirect"
[2026-03-31 11:46:25,144][httpx][INFO] - HTTP Request: HEAD https://huggingface.co/api/resolve-cache/models/mixedbread-ai/mxbai-embed-large-v1/b33106f585b9ce46904ad7443a3b52b7a63e231c/modules.json "HTTP/1.1 200 OK"
[2026-03-31 11:46:25,369][httpx][INFO] - HTTP Request: HEAD https://huggingface.co/mixedbread-ai/mxbai-embed-large-v1/resolve/main/sentence_bert_config.json "HTTP/1.1 307 Temporary Redirect"
[2026-03-31 11:46:25,387][httpx][INFO] - HTTP Request: HEAD https://huggingface.co/api/resolve-cache/models/mixedbread-ai/mxbai-embed-large-v1/b33106f585b9ce46904ad7443a3b52b7a63e231c/sentence_bert_config.json "HTTP/1.1 200 OK"
[2026-03-31 11:46:25,610][httpx][INFO] - HTTP Request: HEAD https://huggingface.co/mixedbread-ai/mxbai-embed-large-v1/resolve/main/adapter_config.json "HTTP/1.1 404 Not Found"
[2026-03-31 11:46:25,815][httpx][INFO] - HTTP Request: HEAD https://huggingface.co/mixedbread-ai/mxbai-embed-large-v1/resolve/main/config.json "HTTP/1.1 307 Temporary Redirect"
[2026-03-31 11:46:25,822][httpx][INFO] - HTTP Request: HEAD https://huggingface.co/api/resolve-cache/models/mixedbread-ai/mxbai-embed-large-v1/b33106f585b9ce46904ad7443a3b52b7a63e231c/config.json "HTTP/1.1 200 OK"
[2026-03-31 11:46:26,306][httpx][INFO] - HTTP Request: HEAD https://huggingface.co/mixedbread-ai/mxbai-embed-large-v1/resolve/main/config.json "HTTP/1.1 307 Temporary Redirect"
[2026-03-31 11:46:26,313][httpx][INFO] - HTTP Request: HEAD https://huggingface.co/api/resolve-cache/models/mixedbread-ai/mxbai-embed-large-v1/b33106f585b9ce46904ad7443a3b52b7a63e231c/config.json "HTTP/1.1 200 OK"
[2026-03-31 11:46:26,517][httpx][INFO] - HTTP Request: HEAD https://huggingface.co/mixedbread-ai/mxbai-embed-large-v1/resolve/main/tokenizer_config.json "HTTP/1.1 307 Temporary Redirect"
[2026-03-31 11:46:26,525][httpx][INFO] - HTTP Request: HEAD https://huggingface.co/api/resolve-cache/models/mixedbread-ai/mxbai-embed-large-v1/b33106f585b9ce46904ad7443a3b52b7a63e231c/tokenizer_config.json "HTTP/1.1 200 OK"
[2026-03-31 11:46:26,729][httpx][INFO] - HTTP Request: GET https://huggingface.co/api/models/mixedbread-ai/mxbai-embed-large-v1/tree/main/additional_chat_templates?recursive=false&expand=false "HTTP/1.1 404 Not Found"
[2026-03-31 11:46:26,934][httpx][INFO] - HTTP Request: GET https://huggingface.co/api/models/mixedbread-ai/mxbai-embed-large-v1/tree/main?recursive=true&expand=false "HTTP/1.1 200 OK"
[2026-03-31 11:46:27,177][httpx][INFO] - HTTP Request: HEAD https://huggingface.co/mixedbread-ai/mxbai-embed-large-v1/resolve/main/1_Pooling/config.json "HTTP/1.1 307 Temporary Redirect"
[2026-03-31 11:46:27,184][httpx][INFO] - HTTP Request: HEAD https://huggingface.co/api/resolve-cache/models/mixedbread-ai/mxbai-embed-large-v1/b33106f585b9ce46904ad7443a3b52b7a63e231c/1_Pooling%2Fconfig.json "HTTP/1.1 200 OK"
[2026-03-31 11:46:27,404][httpx][INFO] - HTTP Request: GET https://huggingface.co/api/models/mixedbread-ai/mxbai-embed-large-v1 "HTTP/1.1 200 OK"
[2026-03-31 11:46:28,322][sentence_transformers.SentenceTransformer][INFO] - 1 prompt is loaded, with the key: query
